<?xml version="1.0" encoding="utf-8"?><testsuites name="pytest tests"><testsuite name="pytest" errors="0" failures="0" skipped="0" tests="8" time="2.192" timestamp="2026-01-01T22:20:23.454438+00:00" hostname="agent-env-f5f9919f-b933-483e-bcc4-7f6ae88f1d3d"><testcase classname="tests.test_guest_checkout.TestGuestCheckoutAPI" name="test_guest_order_success" time="0.410" /><testcase classname="tests.test_guest_checkout.TestGuestCheckoutAPI" name="test_guest_order_with_newsletter_subscription" time="0.291" /><testcase classname="tests.test_guest_checkout.TestGuestCheckoutAPI" name="test_guest_order_missing_email" time="0.113" /><testcase classname="tests.test_guest_checkout.TestGuestCheckoutAPI" name="test_guest_order_empty_email" time="0.160" /><testcase classname="tests.test_guest_checkout.TestGuestCheckoutAPI" name="test_guest_order_multiple_items" time="0.311" /><testcase classname="tests.test_guest_checkout.TestGuestCheckoutAPI" name="test_guest_order_no_auth_required" time="0.437" /><testcase classname="tests.test_guest_checkout.TestAuthenticatedOrderComparison" name="test_authenticated_order_requires_auth" time="0.077" /><testcase classname="tests.test_guest_checkout.TestPaymentIntegration" name="test_payment_demo_mode" time="0.317" /></testsuite></testsuites>