<?xml version="1.0" encoding="utf-8"?><testsuites name="pytest tests"><testsuite name="pytest" errors="0" failures="0" skipped="0" tests="17" time="3.401" timestamp="2026-01-04T05:55:06.155439+00:00" hostname="agent-env-93c3e62b-5ccc-4bf9-b621-defaec0fab4d"><testcase classname="tests.test_design_api.TestDesignAPI" name="test_get_designs_empty_or_list" time="0.057" /><testcase classname="tests.test_design_api.TestDesignAPI" name="test_get_designs_filter_by_apparel_category" time="0.036" /><testcase classname="tests.test_design_api.TestDesignAPI" name="test_get_designs_filter_by_hats_category" time="0.035" /><testcase classname="tests.test_design_api.TestDesignAPI" name="test_create_design_authenticated" time="0.310" /><testcase classname="tests.test_design_api.TestDesignAPI" name="test_create_design_unauthenticated" time="0.038" /><testcase classname="tests.test_design_api.TestDesignAPI" name="test_get_single_design" time="0.419" /><testcase classname="tests.test_design_api.TestDesignAPI" name="test_get_nonexistent_design" time="0.034" /><testcase classname="tests.test_design_api.TestDesignAPI" name="test_delete_design_authenticated" time="0.377" /><testcase classname="tests.test_design_api.TestDesignAPI" name="test_delete_design_unauthenticated" time="0.416" /><testcase classname="tests.test_design_api.TestDesignAPI" name="test_delete_nonexistent_design" time="0.353" /><testcase classname="tests.test_design_api.TestDesignAPI" name="test_update_design_authenticated" time="0.411" /><testcase classname="tests.test_design_api.TestDesignAPI" name="test_admin_get_designs" time="0.310" /><testcase classname="tests.test_design_api.TestDesignAPI" name="test_admin_get_designs_unauthenticated" time="0.031" /><testcase classname="tests.test_design_api.TestProductForDesignFlow" name="test_get_product_for_design_flow" time="0.032" /><testcase classname="tests.test_design_api.TestProductForDesignFlow" name="test_get_tshirt_product_for_apparel_design" time="0.038" /><testcase classname="tests.test_design_api.TestProductForDesignFlow" name="test_get_hat_product_for_hat_design" time="0.033" /><testcase classname="tests.test_design_api.TestCleanup" name="test_cleanup_test_designs" time="0.420" /></testsuite></testsuites>