<?xml version="1.0" encoding="utf-8"?><testsuites name="pytest tests"><testsuite name="pytest" errors="0" failures="0" skipped="0" tests="21" time="2.108" timestamp="2025-12-31T21:04:22.880684+00:00" hostname="agent-env-8ce75a1b-04e7-427b-9c0c-64fc22acfb17"><testcase classname="tests.test_faithful_threads_api.TestHealthCheck" name="test_health_endpoint" time="0.079" /><testcase classname="tests.test_faithful_threads_api.TestHealthCheck" name="test_root_endpoint" time="0.036" /><testcase classname="tests.test_faithful_threads_api.TestAuthentication" name="test_admin_login_success" time="0.260" /><testcase classname="tests.test_faithful_threads_api.TestAuthentication" name="test_login_invalid_credentials" time="0.040" /><testcase classname="tests.test_faithful_threads_api.TestAuthentication" name="test_login_invalid_email_format" time="0.044" /><testcase classname="tests.test_faithful_threads_api.TestProducts" name="test_get_all_products" time="0.039" /><testcase classname="tests.test_faithful_threads_api.TestProducts" name="test_filter_products_by_category_tshirts" time="0.037" /><testcase classname="tests.test_faithful_threads_api.TestProducts" name="test_filter_products_by_category_hoodies" time="0.039" /><testcase classname="tests.test_faithful_threads_api.TestProducts" name="test_filter_products_by_category_hats" time="0.053" /><testcase classname="tests.test_faithful_threads_api.TestProducts" name="test_filter_products_by_category_mugs" time="0.033" /><testcase classname="tests.test_faithful_threads_api.TestProducts" name="test_filter_blank_products" time="0.034" /><testcase classname="tests.test_faithful_threads_api.TestProducts" name="test_get_single_product" time="0.071" /><testcase classname="tests.test_faithful_threads_api.TestProducts" name="test_get_nonexistent_product" time="0.036" /><testcase classname="tests.test_faithful_threads_api.TestAdminStats" name="test_admin_stats_authenticated" time="0.337" /><testcase classname="tests.test_faithful_threads_api.TestAdminStats" name="test_admin_stats_unauthenticated" time="0.033" /><testcase classname="tests.test_faithful_threads_api.TestAdminOrders" name="test_admin_orders_authenticated" time="0.296" /><testcase classname="tests.test_faithful_threads_api.TestAdminOrders" name="test_admin_orders_unauthenticated" time="0.034" /><testcase classname="tests.test_faithful_threads_api.TestAdminCustomers" name="test_admin_customers_authenticated" time="0.297" /><testcase classname="tests.test_faithful_threads_api.TestPaymentConfig" name="test_payment_config" time="0.034" /><testcase classname="tests.test_faithful_threads_api.TestContactForm" name="test_submit_contact_form" time="0.042" /><testcase classname="tests.test_faithful_threads_api.TestContactForm" name="test_submit_contact_form_invalid_email" time="0.035" /></testsuite></testsuites>